<?xml version="1.0" encoding="UTF-8"?>
<testng-results ignored="0" total="7" passed="7" failed="0" skipped="0">
  <reporter-output>
  </reporter-output>
  <suite started-at="2025-11-01T10:07:26 GMT-07:00" name="Default suite" finished-at="2025-11-01T10:09:27 GMT-07:00" duration-ms="121015">
    <groups>
    </groups>
    <test started-at="2025-11-01T10:07:26 GMT-07:00" name="Default test" finished-at="2025-11-01T10:09:27 GMT-07:00" duration-ms="121015">
      <class name="Test.SuitsTest">
        <test-method is-config="true" signature="launchurl()[pri:0, instance:Test.SuitsTest@606e4010]" started-at="2025-11-01T10:07:26 GMT-07:00" name="launchurl" finished-at="2025-11-01T10:09:16 GMT-07:00" duration-ms="109561" status="PASS">
          <reporter-output>
          </reporter-output>
        </test-method> <!-- launchurl -->
        <test-method signature="clickonCart()[pri:0, instance:Test.SuitsTest@606e4010]" started-at="2025-11-01T10:09:16 GMT-07:00" name="clickonCart" finished-at="2025-11-01T10:09:17 GMT-07:00" duration-ms="1186" status="PASS">
          <reporter-output>
          </reporter-output>
        </test-method> <!-- clickonCart -->
        <test-method signature="clickonallsuitssets()[pri:0, instance:Test.SuitsTest@606e4010]" started-at="2025-11-01T10:09:17 GMT-07:00" name="clickonallsuitssets" finished-at="2025-11-01T10:09:17 GMT-07:00" duration-ms="6" status="PASS">
          <reporter-output>
          </reporter-output>
        </test-method> <!-- clickonallsuitssets -->
        <test-method signature="clickonclose()[pri:0, instance:Test.SuitsTest@606e4010]" started-at="2025-11-01T10:09:17 GMT-07:00" name="clickonclose" finished-at="2025-11-01T10:09:24 GMT-07:00" duration-ms="6712" status="PASS">
          <reporter-output>
          </reporter-output>
        </test-method> <!-- clickonclose -->
        <test-method signature="clickonfeatured()[pri:0, instance:Test.SuitsTest@606e4010]" started-at="2025-11-01T10:09:24 GMT-07:00" name="clickonfeatured" finished-at="2025-11-01T10:09:24 GMT-07:00" duration-ms="5" status="PASS">
          <reporter-output>
          </reporter-output>
        </test-method> <!-- clickonfeatured -->
        <test-method signature="clickonsearchbutton()[pri:0, instance:Test.SuitsTest@606e4010]" started-at="2025-11-01T10:09:24 GMT-07:00" name="clickonsearchbutton" finished-at="2025-11-01T10:09:25 GMT-07:00" duration-ms="590" status="PASS">
          <reporter-output>
          </reporter-output>
        </test-method> <!-- clickonsearchbutton -->
        <test-method signature="clickonsuitsets()[pri:0, instance:Test.SuitsTest@606e4010]" started-at="2025-11-01T10:09:25 GMT-07:00" name="clickonsuitsets" finished-at="2025-11-01T10:09:25 GMT-07:00" duration-ms="23" status="PASS">
          <reporter-output>
          </reporter-output>
        </test-method> <!-- clickonsuitsets -->
        <test-method signature="filldetails()[pri:0, instance:Test.SuitsTest@606e4010]" started-at="2025-11-01T10:09:25 GMT-07:00" name="filldetails" finished-at="2025-11-01T10:09:25 GMT-07:00" duration-ms="19" status="PASS">
          <reporter-output>
          </reporter-output>
        </test-method> <!-- filldetails -->
        <test-method is-config="true" signature="closeBrowser()[pri:0, instance:Test.SuitsTest@606e4010]" started-at="2025-11-01T10:09:25 GMT-07:00" name="closeBrowser" finished-at="2025-11-01T10:09:27 GMT-07:00" duration-ms="2499" status="PASS">
          <reporter-output>
          </reporter-output>
        </test-method> <!-- closeBrowser -->
      </class> <!-- Test.SuitsTest -->
    </test> <!-- Default test -->
  </suite> <!-- Default suite -->
</testng-results>
